0 silly argv {
0 silly argv   _: [ 'changed' ],
0 silly argv   lernaVersion: '4.0.0',
0 silly argv   '$0': '/usr/local/bin/lerna'
0 silly argv }
1 notice cli v4.0.0
2 verbose rootPath /Users/sht/Documents/project/å‰ç«¯æ¶æ„å¸ˆ/zhangyi-imooc-cli-dev/zhangyi-imooc-cli-dev
3 error JSONError: Unexpected string in JSON at position 402 while parsing '{  "name": "@zy-imooc-cli-dev/core",  ' in packages/core/package.json
3 error
3 error [0m [90m 20 |[39m     [32m"access"[39m[33m:[39m [32m"public"[39m[0m
3 error [0m [90m 21 |[39m   }[0m
3 error [0m[31m[1m>[22m[39m[90m 22 |[39m   [32m"scripts"[39m[33m:[39m {[0m
3 error [0m [90m    |[39m   [31m[1m^[22m[39m[0m
3 error [0m [90m 23 |[39m     [32m"test"[39m[33m:[39m [32m"echo \"Error: run tests from root\" && exit 1"[39m[0m
3 error [0m [90m 24 |[39m   }[33m,[39m[0m
3 error [0m [90m 25 |[39m   [32m"dependencies"[39m[33m:[39m {[0m
3 error
3 error     at parseJson (/Users/sht/Documents/project/å‰ç«¯æ¶æ„å¸ˆ/zhangyi-imooc-cli-dev/zhangyi-imooc-cli-dev/node_modules/parse-json/index.js:29:21)
3 error     at parse (/Users/sht/Documents/project/å‰ç«¯æ¶æ„å¸ˆ/zhangyi-imooc-cli-dev/zhangyi-imooc-cli-dev/node_modules/load-json-file/index.js:15:9)
3 error     at module.exports (/Users/sht/Documents/project/å‰ç«¯æ¶æ„å¸ˆ/zhangyi-imooc-cli-dev/zhangyi-imooc-cli-dev/node_modules/load-json-file/index.js:18:47)
